This is pdfTeX, Version 3.14159265-2.6-1.40.21 (TeX Live 2020) (preloaded format=pdflatex 2020.8.13)  13 AUG 2020 13:31
entering extended mode
 restricted \write18 enabled.
 %&-line parsing enabled.
**Manual
(./Manual.tex
LaTeX2e <2020-02-02> patch level 5
L3 programming layer <2020-08-07>
(/usr/local/texlive/2020/texmf-dist/tex/latex/base/book.cls
Document Class: book 2019/12/20 v1.4l Standard LaTeX document class
(/usr/local/texlive/2020/texmf-dist/tex/latex/base/bk10.clo
File: bk10.clo 2019/12/20 v1.4l Standard LaTeX file (size option)
)
\c@part=\count168
\c@chapter=\count169
\c@section=\count170
\c@subsection=\count171
\c@subsubsection=\count172
\c@paragraph=\count173
\c@subparagraph=\count174
\c@figure=\count175
\c@table=\count176
\abovecaptionskip=\skip47
\belowcaptionskip=\skip48
\bibindent=\dimen134
)
(/usr/local/texlive/2020/texmf-dist/tex/latex/base/fontenc.sty
Package: fontenc 2020/02/11 v2.0o Standard LaTeX package
)
(/usr/local/texlive/2020/texmf-dist/tex/latex/base/inputenc.sty
Package: inputenc 2018/08/11 v1.3c Input encoding file
\inpenc@prehook=\toks15
\inpenc@posthook=\toks16
)
(/usr/local/texlive/2020/texmf-dist/tex/latex/amsfonts/amssymb.sty
Package: amssymb 2013/01/14 v3.01 AMS font symbols

(/usr/local/texlive/2020/texmf-dist/tex/latex/amsfonts/amsfonts.sty
Package: amsfonts 2013/01/14 v3.01 Basic AMSFonts support
\@emptytoks=\toks17
\symAMSa=\mathgroup4
\symAMSb=\mathgroup5
LaTeX Font Info:    Redeclaring math symbol \hbar on input line 98.
LaTeX Font Info:    Overwriting math alphabet `\mathfrak' in version `bold'
(Font)                  U/euf/m/n --> U/euf/b/n on input line 106.
))
(/usr/local/texlive/2020/texmf-dist/tex/latex/graphics/epsfig.sty
Package: epsfig 2017/06/25 v1.7b (e)psfig emulation (SPQR)

(/usr/local/texlive/2020/texmf-dist/tex/latex/graphics/graphicx.sty
Package: graphicx 2019/11/30 v1.2a Enhanced LaTeX Graphics (DPC,SPQR)

(/usr/local/texlive/2020/texmf-dist/tex/latex/graphics/keyval.sty
Package: keyval 2014/10/28 v1.15 key=value parser (DPC)
\KV@toks@=\toks18
)
(/usr/local/texlive/2020/texmf-dist/tex/latex/graphics/graphics.sty
Package: graphics 2019/11/30 v1.4a Standard LaTeX Graphics (DPC,SPQR)

(/usr/local/texlive/2020/texmf-dist/tex/latex/graphics/trig.sty
Package: trig 2016/01/03 v1.10 sin cos tan (DPC)
)
(/usr/local/texlive/2020/texmf-dist/tex/latex/graphics-cfg/graphics.cfg
File: graphics.cfg 2016/06/04 v1.11 sample graphics configuration
)
Package graphics Info: Driver file: pdftex.def on input line 105.

(/usr/local/texlive/2020/texmf-dist/tex/latex/graphics-def/pdftex.def
File: pdftex.def 2018/01/08 v1.0l Graphics/color driver for pdftex
))
\Gin@req@height=\dimen135
\Gin@req@width=\dimen136
)
\epsfxsize=\dimen137
\epsfysize=\dimen138
)
(/usr/local/texlive/2020/texmf-dist/tex/latex/hyperref/hyperref.sty
Package: hyperref 2020-05-15 v7.00e Hypertext links for LaTeX

(/usr/local/texlive/2020/texmf-dist/tex/generic/ltxcmds/ltxcmds.sty
Package: ltxcmds 2019/12/15 v1.24 LaTeX kernel commands for general use (HO)
)
(/usr/local/texlive/2020/texmf-dist/tex/generic/iftex/iftex.sty
Package: iftex 2020/03/06 v1.0d TeX engine tests
)
(/usr/local/texlive/2020/texmf-dist/tex/generic/pdftexcmds/pdftexcmds.sty
Package: pdftexcmds 2020-06-27 v0.33 Utility functions of pdfTeX for LuaTeX (HO
)

(/usr/local/texlive/2020/texmf-dist/tex/generic/infwarerr/infwarerr.sty
Package: infwarerr 2019/12/03 v1.5 Providing info/warning/error messages (HO)
)
Package pdftexcmds Info: \pdf@primitive is available.
Package pdftexcmds Info: \pdf@ifprimitive is available.
Package pdftexcmds Info: \pdfdraftmode found.
)
(/usr/local/texlive/2020/texmf-dist/tex/generic/kvsetkeys/kvsetkeys.sty
Package: kvsetkeys 2019/12/15 v1.18 Key value parser (HO)
)
(/usr/local/texlive/2020/texmf-dist/tex/generic/kvdefinekeys/kvdefinekeys.sty
Package: kvdefinekeys 2019-12-19 v1.6 Define keys (HO)
)
(/usr/local/texlive/2020/texmf-dist/tex/generic/pdfescape/pdfescape.sty
Package: pdfescape 2019/12/09 v1.15 Implements pdfTeX's escape features (HO)
)
(/usr/local/texlive/2020/texmf-dist/tex/latex/hycolor/hycolor.sty
Package: hycolor 2020-01-27 v1.10 Color options for hyperref/bookmark (HO)
)
(/usr/local/texlive/2020/texmf-dist/tex/latex/letltxmacro/letltxmacro.sty
Package: letltxmacro 2019/12/03 v1.6 Let assignment for LaTeX macros (HO)
)
(/usr/local/texlive/2020/texmf-dist/tex/latex/auxhook/auxhook.sty
Package: auxhook 2019-12-17 v1.6 Hooks for auxiliary files (HO)
)
(/usr/local/texlive/2020/texmf-dist/tex/latex/kvoptions/kvoptions.sty
Package: kvoptions 2019/11/29 v3.13 Key value format for package options (HO)
)
\@linkdim=\dimen139
\Hy@linkcounter=\count177
\Hy@pagecounter=\count178

(/usr/local/texlive/2020/texmf-dist/tex/latex/hyperref/pd1enc.def
File: pd1enc.def 2020-05-15 v7.00e Hyperref: PDFDocEncoding definition (HO)
Now handling font encoding PD1 ...
... no UTF-8 mapping file for font encoding PD1
)
(/usr/local/texlive/2020/texmf-dist/tex/generic/intcalc/intcalc.sty
Package: intcalc 2019/12/15 v1.3 Expandable calculations with integers (HO)
)
(/usr/local/texlive/2020/texmf-dist/tex/generic/etexcmds/etexcmds.sty
Package: etexcmds 2019/12/15 v1.7 Avoid name clashes with e-TeX commands (HO)
)
\Hy@SavedSpaceFactor=\count179
Package hyperref Info: Hyper figures OFF on input line 4464.
Package hyperref Info: Link nesting OFF on input line 4469.
Package hyperref Info: Hyper index ON on input line 4472.
Package hyperref Info: Plain pages OFF on input line 4479.
Package hyperref Info: Backreferencing OFF on input line 4484.
Package hyperref Info: Implicit mode ON; LaTeX internals redefined.
Package hyperref Info: Bookmarks ON on input line 4717.
\c@Hy@tempcnt=\count180

(/usr/local/texlive/2020/texmf-dist/tex/latex/url/url.sty
\Urlmuskip=\muskip16
Package: url 2013/09/16  ver 3.4  Verb mode for urls, etc.
)
LaTeX Info: Redefining \url on input line 5076.
\XeTeXLinkMargin=\dimen140

(/usr/local/texlive/2020/texmf-dist/tex/generic/bitset/bitset.sty
Package: bitset 2019/12/09 v1.3 Handle bit-vector datatype (HO)

(/usr/local/texlive/2020/texmf-dist/tex/generic/bigintcalc/bigintcalc.sty
Package: bigintcalc 2019/12/15 v1.5 Expandable calculations on big integers (HO
)
))
\Fld@menulength=\count181
\Field@Width=\dimen141
\Fld@charsize=\dimen142
Package hyperref Info: Hyper figures OFF on input line 6347.
Package hyperref Info: Link nesting OFF on input line 6352.
Package hyperref Info: Hyper index ON on input line 6355.
Package hyperref Info: backreferencing OFF on input line 6362.
Package hyperref Info: Link coloring OFF on input line 6367.
Package hyperref Info: Link coloring with OCG OFF on input line 6372.
Package hyperref Info: PDF/A mode OFF on input line 6377.
LaTeX Info: Redefining \ref on input line 6417.
LaTeX Info: Redefining \pageref on input line 6421.

(/usr/local/texlive/2020/texmf-dist/tex/generic/atbegshi/atbegshi.sty
Package: atbegshi 2019/12/05 v1.19 At begin shipout hook (HO)
)
\Hy@abspage=\count182
\c@Item=\count183
\c@Hfootnote=\count184
)
Package hyperref Info: Driver (autodetected): hpdftex.

(/usr/local/texlive/2020/texmf-dist/tex/latex/hyperref/hpdftex.def
File: hpdftex.def 2020-05-15 v7.00e Hyperref driver for pdfTeX

(/usr/local/texlive/2020/texmf-dist/tex/latex/atveryend/atveryend.sty
Package: atveryend 2019-12-11 v1.11 Hooks at the very end of document (HO)
Package atveryend Info: \enddocument detected (standard20110627).
)
\Fld@listcount=\count185
\c@bookmark@seq@number=\count186

(/usr/local/texlive/2020/texmf-dist/tex/latex/rerunfilecheck/rerunfilecheck.sty
Package: rerunfilecheck 2019/12/05 v1.9 Rerun checks for auxiliary files (HO)

(/usr/local/texlive/2020/texmf-dist/tex/generic/uniquecounter/uniquecounter.sty
Package: uniquecounter 2019/12/15 v1.4 Provide unlimited unique counter (HO)
)
Package uniquecounter Info: New unique counter `rerunfilecheck' on input line 2
86.
)
\Hy@SectionHShift=\skip49
) (/usr/local/texlive/2020/texmf-dist/tex/latex/graphics/color.sty
Package: color 2019/11/23 v1.2a Standard LaTeX Color (DPC)

(/usr/local/texlive/2020/texmf-dist/tex/latex/graphics-cfg/color.cfg
File: color.cfg 2016/01/02 v1.6 sample color configuration
)
Package color Info: Driver file: pdftex.def on input line 147.

(/usr/local/texlive/2020/texmf-dist/tex/latex/graphics/dvipsnam.def
File: dvipsnam.def 2016/06/17 v3.0m Driver-dependent file (DPC,SPQR)
))
(/usr/local/texlive/2020/texmf-dist/tex/latex/imakeidx/imakeidx.sty
Package: imakeidx 2016/10/15 v1.3e Package for typesetting indices in a synchro
nous mode

(/usr/local/texlive/2020/texmf-dist/tex/latex/xkeyval/xkeyval.sty
Package: xkeyval 2014/12/03 v2.7a package option processing (HA)

(/usr/local/texlive/2020/texmf-dist/tex/generic/xkeyval/xkeyval.tex
(/usr/local/texlive/2020/texmf-dist/tex/generic/xkeyval/xkvutils.tex
\XKV@toks=\toks19
\XKV@tempa@toks=\toks20
)
\XKV@depth=\count187
File: xkeyval.tex 2014/12/03 v2.7a key=value parser (HA)
))
(/usr/local/texlive/2020/texmf-dist/tex/generic/iftex/ifxetex.sty
Package: ifxetex 2019/10/25 v0.7 ifxetex legacy package. Use iftex instead.
)
(/usr/local/texlive/2020/texmf-dist/tex/generic/iftex/ifluatex.sty
Package: ifluatex 2019/10/25 v1.5 ifluatex legacy package. Use iftex instead.
)
(/usr/local/texlive/2020/texmf-dist/tex/latex/tools/multicol.sty
Package: multicol 2019/12/09 v1.8y multicolumn formatting (FMi)
\c@tracingmulticols=\count188
\mult@box=\box45
\multicol@leftmargin=\dimen143
\c@unbalance=\count189
\c@collectmore=\count190
\doublecol@number=\count191
\multicoltolerance=\count192
\multicolpretolerance=\count193
\full@width=\dimen144
\page@free=\dimen145
\premulticols=\dimen146
\postmulticols=\dimen147
\multicolsep=\skip50
\multicolbaselineskip=\skip51
\partial@page=\box46
\last@line=\box47
\maxbalancingoverflow=\dimen148
\mult@rightbox=\box48
\mult@grightbox=\box49
\mult@gfirstbox=\box50
\mult@firstbox=\box51
\@tempa=\box52
\@tempa=\box53
\@tempa=\box54
\@tempa=\box55
\@tempa=\box56
\@tempa=\box57
\@tempa=\box58
\@tempa=\box59
\@tempa=\box60
\@tempa=\box61
\@tempa=\box62
\@tempa=\box63
\@tempa=\box64
\@tempa=\box65
\@tempa=\box66
\@tempa=\box67
\@tempa=\box68
\@tempa=\box69
\@tempa=\box70
\@tempa=\box71
\@tempa=\box72
\@tempa=\box73
\@tempa=\box74
\@tempa=\box75
\@tempa=\box76
\@tempa=\box77
\@tempa=\box78
\@tempa=\box79
\@tempa=\box80
\@tempa=\box81
\@tempa=\box82
\@tempa=\box83
\@tempa=\box84
\@tempa=\box85
\@tempa=\box86
\@tempa=\box87
\@tempa=\box88
\c@minrows=\count194
\c@columnbadness=\count195
\c@finalcolumnbadness=\count196
\last@try=\dimen149
\multicolovershoot=\dimen150
\multicolundershoot=\dimen151
\mult@nat@firstbox=\box89
\colbreak@box=\box90
\mc@col@check@num=\count197
))
(/usr/local/texlive/2020/texmf-dist/tex/latex/carlisle/slashed.sty
Package: slashed 1997/01/16 v0.01 Feynman Slashed Character Notation (DPC)
)
(/usr/local/texlive/2020/texmf-dist/tex/latex/tools/longtable.sty
Package: longtable 2020/01/07 v4.13 Multi-page Table package (DPC)
\LTleft=\skip52
\LTright=\skip53
\LTpre=\skip54
\LTpost=\skip55
\LTchunksize=\count198
\LTcapwidth=\dimen152
\LT@head=\box91
\LT@firsthead=\box92
\LT@foot=\box93
\LT@lastfoot=\box94
\LT@cols=\count199
\LT@rows=\count266
\c@LT@tables=\count267
\c@LT@chunks=\count268
\LT@p@ftn=\toks21
)
(/usr/local/texlive/2020/texmf-dist/tex/latex/amsmath/amsmath.sty
Package: amsmath 2020/01/20 v2.17e AMS math features
\@mathmargin=\skip56

For additional information on amsmath, use the `?' option.
(/usr/local/texlive/2020/texmf-dist/tex/latex/amsmath/amstext.sty
Package: amstext 2000/06/29 v2.01 AMS text

(/usr/local/texlive/2020/texmf-dist/tex/latex/amsmath/amsgen.sty
File: amsgen.sty 1999/11/30 v2.0 generic functions
\@emptytoks=\toks22
\ex@=\dimen153
))
(/usr/local/texlive/2020/texmf-dist/tex/latex/amsmath/amsbsy.sty
Package: amsbsy 1999/11/29 v1.2d Bold Symbols
\pmbraise@=\dimen154
)
(/usr/local/texlive/2020/texmf-dist/tex/latex/amsmath/amsopn.sty
Package: amsopn 2016/03/08 v2.02 operator names
)
\inf@bad=\count269
LaTeX Info: Redefining \frac on input line 227.
\uproot@=\count270
\leftroot@=\count271
LaTeX Info: Redefining \overline on input line 389.
\classnum@=\count272
\DOTSCASE@=\count273
LaTeX Info: Redefining \ldots on input line 486.
LaTeX Info: Redefining \dots on input line 489.
LaTeX Info: Redefining \cdots on input line 610.
\Mathstrutbox@=\box95
\strutbox@=\box96
\big@size=\dimen155
LaTeX Font Info:    Redeclaring font encoding OML on input line 733.
LaTeX Font Info:    Redeclaring font encoding OMS on input line 734.
\macc@depth=\count274
\c@MaxMatrixCols=\count275
\dotsspace@=\muskip17
\c@parentequation=\count276
\dspbrk@lvl=\count277
\tag@help=\toks23
\row@=\count278
\column@=\count279
\maxfields@=\count280
\andhelp@=\toks24
\eqnshift@=\dimen156
\alignsep@=\dimen157
\tagshift@=\dimen158
\tagwidth@=\dimen159
\totwidth@=\dimen160
\lineht@=\dimen161
\@envbody=\toks25
\multlinegap=\skip57
\multlinetaggap=\skip58
\mathdisplay@stack=\toks26
LaTeX Info: Redefining \[ on input line 2859.
LaTeX Info: Redefining \] on input line 2860.
)
(/usr/local/texlive/2020/texmf-dist/tex/latex/extarrows/extarrows.sty
Package: extarrows 2020/03/12 v1.2.0 Some extensible arrows
)
(/usr/local/texlive/2020/texmf-dist/tex/latex/caption/caption.sty
Package: caption 2020/05/30 v3.4k Customizing captions (AR)

(/usr/local/texlive/2020/texmf-dist/tex/latex/caption/caption3.sty
Package: caption3 2020/07/20 v1.12b caption3 kernel (AR)
Package caption3 Info: TeX engine: e-TeX on input line 61.
\captionmargin=\dimen162
\captionmargin@=\dimen163
\captionwidth=\dimen164
\caption@tempdima=\dimen165
\caption@indent=\dimen166
\caption@parindent=\dimen167
\caption@hangindent=\dimen168
Package caption Info: Standard document class detected.
)
\c@caption@flags=\count281
\c@continuedfloat=\count282
Package caption Info: hyperref package is loaded.
Package caption Info: longtable package is loaded.

(/usr/local/texlive/2020/texmf-dist/tex/latex/caption/ltcaption.sty
Package: ltcaption 2020/05/30 v1.4b longtable captions (AR)
))
\Manual@idxfile=\write3
\openout3 = `Manual.idx'.


Writing index file Manual.idx
\routines@idxfile=\write4
\openout4 = `routines.idx'.

Writing index file routines.idx
\c@comnum=\count283
(/usr/local/texlive/2020/texmf-dist/tex/latex/l3backend/l3backend-pdfmode.def
File: l3backend-pdfmode.def 2020-08-07 L3 backend support: PDF mode
\l__kernel_color_stack_int=\count284
\l__pdf_internal_box=\box97
)
(./Manual.aux

LaTeX Warning: Label `eq:Boltzmann4' multiply defined.

)
\openout1 = `Manual.aux'.

LaTeX Font Info:    Checking defaults for OML/cmm/m/it on input line 352.
LaTeX Font Info:    ... okay on input line 352.
LaTeX Font Info:    Checking defaults for OMS/cmsy/m/n on input line 352.
LaTeX Font Info:    ... okay on input line 352.
LaTeX Font Info:    Checking defaults for OT1/cmr/m/n on input line 352.
LaTeX Font Info:    ... okay on input line 352.
LaTeX Font Info:    Checking defaults for T1/cmr/m/n on input line 352.
LaTeX Font Info:    ... okay on input line 352.
LaTeX Font Info:    Checking defaults for TS1/cmr/m/n on input line 352.
LaTeX Font Info:    ... okay on input line 352.
LaTeX Font Info:    Checking defaults for OMX/cmex/m/n on input line 352.
LaTeX Font Info:    ... okay on input line 352.
LaTeX Font Info:    Checking defaults for U/cmr/m/n on input line 352.
LaTeX Font Info:    ... okay on input line 352.
LaTeX Font Info:    Checking defaults for PD1/pdf/m/n on input line 352.
LaTeX Font Info:    ... okay on input line 352.
 (/usr/local/texlive/2020/texmf-dist/tex/context/base/mkii/supp-pdf.mkii
[Loading MPS to PDF converter (version 2006.09.02).]
\scratchcounter=\count285
\scratchdimen=\dimen169
\scratchbox=\box98
\nofMPsegments=\count286
\nofMParguments=\count287
\everyMPshowfont=\toks27
\MPscratchCnt=\count288
\MPscratchDim=\dimen170
\MPnumerator=\count289
\makeMPintoPDFobject=\count290
\everyMPtoPDFconversion=\toks28
) (/usr/local/texlive/2020/texmf-dist/tex/latex/epstopdf-pkg/epstopdf-base.sty
Package: epstopdf-base 2020-01-24 v2.11 Base part for package epstopdf
Package epstopdf-base Info: Redefining graphics rule for `.eps' on input line 4
85.

(/usr/local/texlive/2020/texmf-dist/tex/latex/latexconfig/epstopdf-sys.cfg
File: epstopdf-sys.cfg 2010/07/13 v1.3 Configuration of (r)epstopdf for TeX Liv
e
))
\AtBeginShipoutBox=\box99
Package hyperref Info: Link coloring OFF on input line 352.

(/usr/local/texlive/2020/texmf-dist/tex/latex/hyperref/nameref.sty
Package: nameref 2019/09/16 v2.46 Cross-referencing by name of section

(/usr/local/texlive/2020/texmf-dist/tex/latex/refcount/refcount.sty
Package: refcount 2019/12/15 v3.6 Data extraction from label references (HO)
)
(/usr/local/texlive/2020/texmf-dist/tex/generic/gettitlestring/gettitlestring.s
ty
Package: gettitlestring 2019/12/15 v1.6 Cleanup title references (HO)
)
\c@section@level=\count291
)
LaTeX Info: Redefining \ref on input line 352.
LaTeX Info: Redefining \pageref on input line 352.
LaTeX Info: Redefining \nameref on input line 352.
 (./Manual.out) (./Manual.out)
\@outlinefile=\write5
\openout5 = `Manual.out'.

Package caption Info: Begin \AtBeginDocument code.
Package caption Info: End \AtBeginDocument code.
Package epstopdf Info: Source file: <fig/DarkSUSY2-400.eps>
(epstopdf)                    date: 2019-12-14 07:54:17
(epstopdf)                    size: 489059 bytes
(epstopdf)             Output file: <fig/DarkSUSY2-400-eps-converted-to.pdf>
(epstopdf)             Command: <repstopdf --outfile=fig/DarkSUSY2-400-eps-conv
erted-to.pdf fig/DarkSUSY2-400.eps>
(epstopdf)             \includegraphics on input line 354.
runsystem(repstopdf --outfile=fig/DarkSUSY2-400-eps-converted-to.pdf fig/DarkSU
SY2-400.eps)...executed safely (allowed).

Package epstopdf Info: Result file: <fig/DarkSUSY2-400-eps-converted-to.pdf>.


! Package pdftex.def Error: File `fig/DarkSUSY2-400-eps-converted-to.pdf' not f
ound: using draft setting.

See the pdftex.def package documentation for explanation.
Type  H <return>  for immediate help.
 ...                                              
                                                  
l.354 ...g/DarkSUSY2-400.eps,width=0.5\textwidth}}
                                                  
? 
LaTeX Font Info:    Trying to load font information for T1+cmtt on input line 3
54.
(/usr/local/texlive/2020/texmf-dist/tex/latex/base/t1cmtt.fd
File: t1cmtt.fd 2019/12/16 v2.5j Standard LaTeX font definitions
)
LaTeX Font Info:    Trying to load font information for T1+cmss on input line 3
63.

(/usr/local/texlive/2020/texmf-dist/tex/latex/base/t1cmss.fd
File: t1cmss.fd 2019/12/16 v2.5j Standard LaTeX font definitions
)
LaTeX Font Info:    Trying to load font information for U+msa on input line 378
.

(/usr/local/texlive/2020/texmf-dist/tex/latex/amsfonts/umsa.fd
File: umsa.fd 2013/01/14 v3.01 AMS symbols A
)
LaTeX Font Info:    Trying to load font information for U+msb on input line 378
.

(/usr/local/texlive/2020/texmf-dist/tex/latex/amsfonts/umsb.fd
File: umsb.fd 2013/01/14 v3.01 AMS symbols B
) [1{/usr/local/texlive/2020/texmf-var/fonts/map/pdftex/updmap/pdftex.map}

] [2] [3]
(./Manual.toc [4

] [5] [6])
\tf@toc=\write6
\openout6 = `Manual.toc'.

 [7] [8

]
Chapter 1.
[9

]
Chapter 2.
[10

]
Overfull \hbox (5.96455pt too wide) in paragraph at lines 649--659
\T1/cmr/m/n/10 and then \T1/cmss/m/n/10 ./ds-main_wimp \T1/cmr/m/n/10 in the \T
1/cmss/m/n/10 /ex-am-ples \T1/cmr/m/n/10 di-rec-tory. Choos-ing $\OMS/cmsy/m/n/
10 h$\T1/cmss/m/n/10 MY_MODULE$\OMS/cmsy/m/n/10 i$\T1/cmss/m/n/10 =generic_wimp
\T1/cmr/m/n/10 ,
 []

[11] [12]
Overfull \hbox (17.61568pt too wide) in paragraph at lines 750--758
\T1/cmr/m/n/10 own rou-tine as a re-place-able func-tion (see also Sec-tion []3
.6[]), by run-ning the script \T1/cmss/m/n/10 scr/make_replaceable.pl
 []

[13]
Chapter 3.
<fig/ds6-structure-v6.pdf, id=930, 509.40312pt x 283.55937pt>
File: fig/ds6-structure-v6.pdf Graphic file (type pdf)
<use fig/ds6-structure-v6.pdf>
Package pdftex.def Info: fig/ds6-structure-v6.pdf  used on input line 810.
(pdftex.def)             Requested size: 430.35826pt x 239.56848pt.
[14

] [15 <./fig/ds6-structure-v6.pdf>] [16] [17] [18]
Underfull \hbox (badness 5050) in paragraph at lines 1131--1131
\T1/cmr/m/n/10 cleus cross sec-tion in-clud-ing form
 []


Underfull \hbox (badness 10000) in paragraph at lines 1141--1141
[]\T1/cmr/m/n/10 Yields from an-ni-hi-la-tion in the
 []


Overfull \hbox (6.11755pt too wide) in paragraph at lines 1122--1147
[][]
 []

[19]

LaTeX Warning: Reference `ch:src/dmd_aux' on page 20 undefined on input line 11
79.


LaTeX Warning: Reference `ch:src/dmd_aux' on page 20 undefined on input line 11
80.


Underfull \hbox (badness 1072) in paragraph at lines 1187--1187
\T1/cmr/m/n/10 hadronic show-ers from WIMP an-ni-hi-la-tions in the
 []


Overfull \hbox (2.80226pt too wide) in paragraph at lines 1164--1191
[][] 
 []

[20] [21]
Chapter 4.

Underfull \hbox (badness 1178) in paragraph at lines 1261--1261
\T1/cmr/m/n/10 Sec-tion []3.3[] for an overview and
 []


Overfull \hbox (5.86214pt too wide) in paragraph at lines 1259--1263
[]|[]
 []


Overfull \hbox (5.86214pt too wide) in paragraph at lines 1263--1266
[]|[]
 []


Overfull \hbox (5.86214pt too wide) in paragraph at lines 1266--1269
[]|[]
 []


Overfull \hbox (19.13168pt too wide) in paragraph at lines 1269--1270
[]|[]| 
 []


Overfull \hbox (5.86214pt too wide) in paragraph at lines 1270--1272
[]|[]
 []


Overfull \hbox (5.86214pt too wide) in paragraph at lines 1272--1276
[]|[]
 []


Overfull \hbox (5.86214pt too wide) in paragraph at lines 1276--1279
[]|[]
 []


Overfull \hbox (5.86214pt too wide) in paragraph at lines 1279--1283
[]|[]
 []


Overfull \hbox (5.86214pt too wide) in paragraph at lines 1283--1286
[]|[]
 []


Overfull \hbox (19.13168pt too wide) in paragraph at lines 1286--1286
[]|[]| 
 []


Overfull \hbox (5.86214pt too wide) in paragraph at lines 1286--1289
[]|[]
 []


Overfull \hbox (19.13168pt too wide) in paragraph at lines 1290--1291
[]|[]| 
 []


Underfull \hbox (badness 6708) in paragraph at lines 1292--1292
[]\T1/cmr/m/n/10 Cosmic-ray prop-a-ga-tion rou-tines
 []


Overfull \hbox (5.86214pt too wide) in paragraph at lines 1291--1295
[]|[]
 []


Overfull \hbox (5.86214pt too wide) in paragraph at lines 1295--1298
[]|[]
 []


Overfull \hbox (19.13168pt too wide) in paragraph at lines 1298--1299
[]|[]| 
 []


Overfull \hbox (5.86214pt too wide) in paragraph at lines 1299--1303
[]|[]
 []

[22

] [23]
Chapter 5.
[24

] [25

]
Chapter 6.
[26

]
Overfull \hbox (42.20384pt too wide) has occurred while \output is active
\T1/cmr/m/sl/10 CHAPTER 6.  AN_YIELD: ANNIHILATION YIELDS IN THE HALO -- YIELDS
 FROM SIMULATIONS \T1/cmr/m/n/10 27
 []

[27]
Chapter 7.
[28

]
Chapter 8.
[29

]
Chapter 9.
[30

]
Chapter 10.

LaTeX Warning: Citation `Bergstrom:2013jra' on page 31 undefined on input line 
1493.


LaTeX Warning: Citation `Strong:2007nh' on page 31 undefined on input line 1499
.


LaTeX Warning: Citation `Strong:1998pw' on page 31 undefined on input line 1500
.


LaTeX Warning: Citation `Evoli:2016xgn' on page 31 undefined on input line 1500
.


LaTeX Warning: Citation `Kissmann:2014sia' on page 31 undefined on input line 1
500.


LaTeX Warning: Citation `Maurin:2001sj' on page 31 undefined on input line 1503
.

[31

]

LaTeX Warning: Citation `Evoli:2011id' on page 32 undefined on input line 1535.



LaTeX Warning: Citation `Colafrancesco:2005ji' on page 32 undefined on input li
ne 1584.


Overfull \hbox (79.55693pt too wide) has occurred while \output is active
\T1/cmr/m/sl/10 CHAPTER 10.  CR_AXI: COSMIC RAYS -- DIFFUSION ROUTINES FOR AXIS
YMMETRIC DISTRIBUTIONS \T1/cmr/m/n/10 32
 []

[32]
Overfull \hbox (79.55693pt too wide) has occurred while \output is active
\T1/cmr/m/sl/10 CHAPTER 10.  CR_AXI: COSMIC RAYS -- DIFFUSION ROUTINES FOR AXIS
YMMETRIC DISTRIBUTIONS \T1/cmr/m/n/10 33
 []

[33]
Chapter 11.
[34

] [35]

LaTeX Warning: Citation `xxx' on page 36 undefined on input line 1791.


LaTeX Warning: Citation `xxx' on page 36 undefined on input line 1792.


Overfull \hbox (17.52318pt too wide) in paragraph at lines 1790--1794
\T1/cmr/m/n/10 While no-table ex-cep-tions ex-ist (in par-tic-u-lar for res-o-n
ances [[]], $\OML/cmm/m/it/10 p$\T1/cmr/m/n/10 -wave an-ni-hi-la-tion [[]] and 
Sommerfeld-
 []

[36]
Chapter 12.
[37

]
Chapter 13.
[38

]
Chapter 14.
[39

]
Chapter 15.
[40

]
Chapter 16.
[41

]

LaTeX Warning: Citation `XXX' on page 42 undefined on input line 2005.

[42] [43]
Chapter 17.

LaTeX Warning: Citation `1915MNRAS..76...37E' on page 44 undefined on input lin
e 2062.


LaTeX Warning: Citation `Catena:2011kv' on page 44 undefined on input line 2062
.


Package amsmath Warning: Foreign command \over;
(amsmath)                \frac or \genfrac should be used instead
(amsmath)                 on input line 2081.

[44

]
Chapter 18.
[45

]
Chapter 19.
[46

] [47] [48]
Chapter 20.
[49

] [50] [51] [52]
Package epstopdf Info: Source file: <fig/rateex.eps>
(epstopdf)                    date: 2019-12-14 07:54:17
(epstopdf)                    size: 24885 bytes
(epstopdf)             Output file: <fig/rateex-eps-converted-to.pdf>
(epstopdf)             Command: <repstopdf --outfile=fig/rateex-eps-converted-t
o.pdf fig/rateex.eps>
(epstopdf)             \includegraphics on input line 2686.
runsystem(repstopdf --outfile=fig/rateex-eps-converted-to.pdf fig/rateex.eps)..
.executed safely (allowed).

Package epstopdf Info: Result file: <fig/rateex-eps-converted-to.pdf>.


! Package pdftex.def Error: File `fig/rateex-eps-converted-to.pdf' not found: u
sing draft setting.

See the pdftex.def package documentation for explanation.
Type  H <return>  for immediate help.
 ...                                              
                                                  
l.2686 ...le=fig/rateex.eps,width=0.75\textwidth}}
                                                  
? 
Package epstopdf Info: Source file: <fig/k1rateex.eps>
(epstopdf)                    date: 2019-12-14 07:54:17
(epstopdf)                    size: 26502 bytes
(epstopdf)             Output file: <fig/k1rateex-eps-converted-to.pdf>
(epstopdf)             Command: <repstopdf --outfile=fig/k1rateex-eps-converted
-to.pdf fig/k1rateex.eps>
(epstopdf)             \includegraphics on input line 2718.
runsystem(repstopdf --outfile=fig/k1rateex-eps-converted-to.pdf fig/k1rateex.ep
s)...executed safely (allowed).

Package epstopdf Info: Result file: <fig/k1rateex-eps-converted-to.pdf>.

! Package pdftex.def Error: File `fig/k1rateex-eps-converted-to.pdf' not found:
 using draft setting.

See the pdftex.def package documentation for explanation.
Type  H <return>  for immediate help.
 ...                                              
                                                  
l.2718 ...=fig/k1rateex.eps,width=0.75\textwidth}}
                                                  
? 
[53] [54] [55] [56] [57] [58] [59] [60]
Chapter 21.
[61

]
Chapter 22.
[62

]
Chapter 23.

LaTeX Warning: Reference `sec:mcsim' on page 63 undefined on input line 3136.

[63

] [64]

LaTeX Warning: Reference `sec:dk' on page 65 undefined on input line 3239.

[65] [66]
Package epstopdf Info: Source file: <fig/eadensvesc.eps>
(epstopdf)                    date: 2019-12-14 07:54:17
(epstopdf)                    size: 45522 bytes
(epstopdf)             Output file: <fig/eadensvesc-eps-converted-to.pdf>
(epstopdf)             Command: <repstopdf --outfile=fig/eadensvesc-eps-convert
ed-to.pdf fig/eadensvesc.eps>
(epstopdf)             \includegraphics on input line 3388.
runsystem(repstopdf --outfile=fig/eadensvesc-eps-converted-to.pdf fig/eadensves
c.eps)...executed safely (allowed).

Package epstopdf Info: Result file: <fig/eadensvesc-eps-converted-to.pdf>.


! Package pdftex.def Error: File `fig/eadensvesc-eps-converted-to.pdf' not foun
d: using draft setting.

See the pdftex.def package documentation for explanation.
Type  H <return>  for immediate help.
 ...                                              
                                                  
l.3388 ...fig/eadensvesc.eps,width=0.6\textwidth}}
                                                  
? 
[67] [68] [69] [70]
Overfull \hbox (18.86903pt too wide) in paragraph at lines 3664--3672
[]\T1/cmr/m/n/10 There are sev-eral dif-fer-ent meth-ods of cal-cu-la-tion avai
l-able (de-ter-mined by \T1/cmtt/m/n/10 secalcmet \T1/cmr/m/n/10 in \T1/cmtt/m/
n/10 dssecom.h\T1/cmr/m/n/10 ).
 []

[71]
Chapter 24.
[72

]
Overfull \hbox (27.52151pt too wide) in paragraph at lines 3829--3862
[][] 
 []

[73] [74] [75] [76]
Chapter 25.
[77

]

LaTeX Warning: Command \' invalid in math mode on input line 3997.

Missing character: There is no é in font cmr7!
[78] [79] [80

]
Chapter 26.
[81

] [82]
Chapter 27.
[83

]
Chapter 28.
[84

]
Chapter 29.
[85

]
Chapter 30.
[86

] [87] [88] [89]
Overfull \hbox (9.86632pt too wide) in paragraph at lines 4616--4685
 [] 
 []

[90] [91]
Underfull \hbox (badness 1057) in paragraph at lines 4881--4881
\T1/cmr/m/n/10 For $[][]$ only when $\OML/cmm/m/it/10 i \OT1/cmr/m/n/10 =
 []

[92]
Underfull \hbox (badness 1997) in paragraph at lines 4923--4923
[]$\OML/cmm/m/it/10 k \OT1/cmr/m/n/10 = 1\OML/cmm/m/it/10 ; \OT1/cmr/m/n/10 2\O
ML/cmm/m/it/10 ; \OT1/cmr/m/n/10 3$\T1/cmr/m/n/10 , $[][] \OMS/cmsy/m/n/10 !
 []

[93]
Overfull \hbox (8.03241pt too wide) in paragraph at lines 5040--5072
 [] 
 []

[94]

LaTeX Warning: Citation `Hisano:2003ec' on page 95 undefined on input line 5183
.


LaTeX Warning: Citation `Hisano:2004ds' on page 95 undefined on input line 5183
.

[95] [96] [97]

Package hyperref Warning: Token not allowed in a PDF string (PDFDocEncoding):
(hyperref)                removing `math shift' on input line 5411.


Package hyperref Warning: Token not allowed in a PDF string (PDFDocEncoding):
(hyperref)                removing `math shift' on input line 5411.


Package hyperref Warning: Token not allowed in a PDF string (PDFDocEncoding):
(hyperref)                removing `math shift' on input line 5411.


Package hyperref Warning: Token not allowed in a PDF string (PDFDocEncoding):
(hyperref)                removing `math shift' on input line 5411.


Package hyperref Warning: Token not allowed in a PDF string (PDFDocEncoding):
(hyperref)                removing `math shift' on input line 5411.


Package hyperref Warning: Token not allowed in a PDF string (PDFDocEncoding):
(hyperref)                removing `math shift' on input line 5411.


Package hyperref Warning: Token not allowed in a PDF string (PDFDocEncoding):
(hyperref)                removing `math shift' on input line 5411.


Package hyperref Warning: Token not allowed in a PDF string (PDFDocEncoding):
(hyperref)                removing `math shift' on input line 5411.


Overfull \hbox (1.90285pt too wide) in paragraph at lines 5425--5442
\T1/cmr/m/n/10 and the sum over con-tributed di-a-grams is done in the rou-tine
s \T1/cmss/bx/n/10 an/dsandwdcosnn\T1/cmr/m/n/10 , \T1/cmss/bx/n/10 an/dsandwdc
oscn
 []

[98] [99] [100] [101] [102] [103]

Package caption Warning: \label without proper reference on input line 5915.
See the caption package documentation for explanation.


LaTeX Warning: Reference `tab:2' on page 104 undefined on input line 5909.

[104] [105] [106]
Overfull \hbox (70.809pt too wide) in paragraph at lines 6217--6226
\T1/cmr/m/n/10 If \T1/cmss/m/n/10 Isas-ugra \T1/cmr/m/n/10 is avail-able, \T1/c
mss/m/n/10 Dark-SUSY \T1/cmr/m/n/10 can use \T1/cmss/m/n/10 Isas-ugra \T1/cmr/m
/n/10 to gen-er-ate mSUGRA mod-els. In \T1/cmss/bx/n/10 src_modles/mssm/ge_cmss
m\T1/cmr/m/n/10 ,
 []

[107] [108] [109] [110] [111] [112]

LaTeX Warning: `!h' float specifier changed to `!ht'.

[113] [114]
Chapter 31.
[115

]
Chapter 32.
[116

] [117] (./Manual.bbl [118] [119

] [120] [121] [122] [123] [124] [125]
[126] [127] [128])
Package atveryend Info: Empty hook `BeforeClearDocument' on input line 7112.
 [129]
Package atveryend Info: Empty hook `AfterLastShipout' on input line 7112.
 (./Manual.aux)
Package atveryend Info: Executing hook `AtVeryEndDocument' on input line 7112.
Package atveryend Info: Executing hook `AtEndAfterFileList' on input line 7112.

Package rerunfilecheck Info: File `Manual.out' has not changed.
(rerunfilecheck)             Checksum: 3D9764EF5ACA57CA16BF2596751C98D0;13673.


LaTeX Warning: There were undefined references.


LaTeX Warning: There were multiply-defined labels.

Package atveryend Info: Empty hook `AtVeryVeryEnd' on input line 7112.
 ) 
Here is how much of TeX's memory you used:
 10044 strings out of 480893
 151451 string characters out of 5908067
 450823 words of memory out of 5000000
 24690 multiletter control sequences out of 15000+600000
 569385 words of font info for 102 fonts, out of 8000000 for 9000
 1141 hyphenation exceptions out of 8191
 55i,16n,96p,691b,459s stack positions out of 5000i,500n,10000p,200000b,80000s
{/usr/local/texlive/2020/texmf-dist/fonts/enc/dvips/cm-super/cm-super-t1.enc}
{/usr/local/texlive/2020/texmf-dist/fonts/enc/dvips/cm-super/cm-super-ts1.enc}<
/usr/local/texlive/2020/texmf-dist/fonts/type1/public/amsfonts/cm/cmbx10.pfb></
usr/local/texlive/2020/texmf-dist/fonts/type1/public/amsfonts/cm/cmbx7.pfb></us
r/local/texlive/2020/texmf-dist/fonts/type1/public/amsfonts/cm/cmex10.pfb></usr
/local/texlive/2020/texmf-dist/fonts/type1/public/amsfonts/cm/cmmi10.pfb></usr/
local/texlive/2020/texmf-dist/fonts/type1/public/amsfonts/cm/cmmi12.pfb></usr/l
ocal/texlive/2020/texmf-dist/fonts/type1/public/amsfonts/cm/cmmi5.pfb></usr/loc
al/texlive/2020/texmf-dist/fonts/type1/public/amsfonts/cm/cmmi6.pfb></usr/local
/texlive/2020/texmf-dist/fonts/type1/public/amsfonts/cm/cmmi7.pfb></usr/local/t
exlive/2020/texmf-dist/fonts/type1/public/amsfonts/cm/cmmi8.pfb></usr/local/tex
live/2020/texmf-dist/fonts/type1/public/amsfonts/cm/cmmi9.pfb></usr/local/texli
ve/2020/texmf-dist/fonts/type1/public/amsfonts/cm/cmr10.pfb></usr/local/texlive
/2020/texmf-dist/fonts/type1/public/amsfonts/cm/cmr5.pfb></usr/local/texlive/20
20/texmf-dist/fonts/type1/public/amsfonts/cm/cmr6.pfb></usr/local/texlive/2020/
texmf-dist/fonts/type1/public/amsfonts/cm/cmr7.pfb></usr/local/texlive/2020/tex
mf-dist/fonts/type1/public/amsfonts/cm/cmr8.pfb></usr/local/texlive/2020/texmf-
dist/fonts/type1/public/amsfonts/cm/cmr9.pfb></usr/local/texlive/2020/texmf-dis
t/fonts/type1/public/amsfonts/cm/cmsy10.pfb></usr/local/texlive/2020/texmf-dist
/fonts/type1/public/amsfonts/cm/cmsy5.pfb></usr/local/texlive/2020/texmf-dist/f
onts/type1/public/amsfonts/cm/cmsy6.pfb></usr/local/texlive/2020/texmf-dist/fon
ts/type1/public/amsfonts/cm/cmsy7.pfb></usr/local/texlive/2020/texmf-dist/fonts
/type1/public/amsfonts/cm/cmsy8.pfb></usr/local/texlive/2020/texmf-dist/fonts/t
ype1/public/amsfonts/cm/cmsy9.pfb></usr/local/texlive/2020/texmf-dist/fonts/typ
e1/public/amsfonts/symbols/msam10.pfb></usr/local/texlive/2020/texmf-dist/fonts
/type1/public/amsfonts/symbols/msbm10.pfb></usr/local/texlive/2020/texmf-dist/f
onts/type1/public/cm-super/sfbx0900.pfb></usr/local/texlive/2020/texmf-dist/fon
ts/type1/public/cm-super/sfbx1000.pfb></usr/local/texlive/2020/texmf-dist/fonts
/type1/public/cm-super/sfbx1200.pfb></usr/local/texlive/2020/texmf-dist/fonts/t
ype1/public/cm-super/sfbx1440.pfb></usr/local/texlive/2020/texmf-dist/fonts/typ
e1/public/cm-super/sfbx1728.pfb></usr/local/texlive/2020/texmf-dist/fonts/type1
/public/cm-super/sfbx2074.pfb></usr/local/texlive/2020/texmf-dist/fonts/type1/p
ublic/cm-super/sfbx2488.pfb></usr/local/texlive/2020/texmf-dist/fonts/type1/pub
lic/cm-super/sfcc1000.pfb></usr/local/texlive/2020/texmf-dist/fonts/type1/publi
c/cm-super/sfrm0600.pfb></usr/local/texlive/2020/texmf-dist/fonts/type1/public/
cm-super/sfrm0700.pfb></usr/local/texlive/2020/texmf-dist/fonts/type1/public/cm
-super/sfrm0800.pfb></usr/local/texlive/2020/texmf-dist/fonts/type1/public/cm-s
uper/sfrm0900.pfb></usr/local/texlive/2020/texmf-dist/fonts/type1/public/cm-sup
er/sfrm1000.pfb></usr/local/texlive/2020/texmf-dist/fonts/type1/public/cm-super
/sfrm1200.pfb></usr/local/texlive/2020/texmf-dist/fonts/type1/public/cm-super/s
fsi1000.pfb></usr/local/texlive/2020/texmf-dist/fonts/type1/public/cm-super/sfs
l1000.pfb></usr/local/texlive/2020/texmf-dist/fonts/type1/public/cm-super/sfss0
800.pfb></usr/local/texlive/2020/texmf-dist/fonts/type1/public/cm-super/sfss100
0.pfb></usr/local/texlive/2020/texmf-dist/fonts/type1/public/cm-super/sfsx1000.
pfb></usr/local/texlive/2020/texmf-dist/fonts/type1/public/cm-super/sfsx1440.pf
b></usr/local/texlive/2020/texmf-dist/fonts/type1/public/cm-super/sfsx2488.pfb>
</usr/local/texlive/2020/texmf-dist/fonts/type1/public/cm-super/sfti0800.pfb></
usr/local/texlive/2020/texmf-dist/fonts/type1/public/cm-super/sfti1000.pfb></us
r/local/texlive/2020/texmf-dist/fonts/type1/public/cm-super/sftt1000.pfb>
Output written on Manual.pdf (129 pages, 1466358 bytes).
PDF statistics:
 3043 PDF objects out of 3580 (max. 8388607)
 2808 compressed objects within 29 object streams
 739 named destinations out of 1000 (max. 500000)
 1286 words of extra memory for PDF output out of 10000 (max. 10000000)

