\BOOKMARK [-1][-]{part.1}{I Prelude}{}% 1
\BOOKMARK [0][-]{chapter.1}{Introduction}{part.1}% 2
\BOOKMARK [0][-]{chapter.2}{Quick start guide}{part.1}% 3
\BOOKMARK [1][-]{section.2.1}{Installation}{chapter.2}% 4
\BOOKMARK [2][-]{subsection.2.1.1}{Options for install}{section.2.1}% 5
\BOOKMARK [2][-]{subsection.2.1.2}{System requirements}{section.2.1}% 6
\BOOKMARK [1][-]{section.2.2}{Example programs}{chapter.2}% 7
\BOOKMARK [2][-]{subsection.2.2.1}{Auxiliary example programs}{section.2.2}% 8
\BOOKMARK [2][-]{subsection.2.2.2}{Making your own example programs}{section.2.2}% 9
\BOOKMARK [1][-]{section.2.3}{Modifying individual subroutines or functions}{chapter.2}% 10
\BOOKMARK [0][-]{chapter.3}{Guiding principles of the code}{part.1}% 11
\BOOKMARK [1][-]{section.3.1}{The main DarkSUSY library ds\137core}{chapter.3}% 12
\BOOKMARK [1][-]{section.3.2}{Particle physics modules}{chapter.3}% 13
\BOOKMARK [2][-]{subsection.3.2.1}{Using a particle physics module}{section.3.2}% 14
\BOOKMARK [2][-]{subsection.3.2.2}{Adding a new particle physics module}{section.3.2}% 15
\BOOKMARK [1][-]{section.3.3}{Halo models}{chapter.3}% 16
\BOOKMARK [1][-]{section.3.4}{Interface functions}{chapter.3}% 17
\BOOKMARK [1][-]{section.3.5}{Commonly used functions}{chapter.3}% 18
\BOOKMARK [1][-]{section.3.6}{Replaceable functions}{chapter.3}% 19
\BOOKMARK [0][-]{chapter.4}{Comparison to previous DarkSUSY versions}{part.1}% 20
\BOOKMARK [0][-]{chapter.5}{Original articles}{part.1}% 21
\BOOKMARK [-1][-]{part.2}{II Main DarkSUSY routines in src/}{}% 22
\BOOKMARK [0][-]{chapter.6}{an\137yield: Annihilation yields in the halo \205 yields from simulations}{part.2}% 23
\BOOKMARK [1][-]{section.6.1}{Annihilation in the halo, yields \205 theory}{chapter.6}% 24
\BOOKMARK [2][-]{subsection.6.1.1}{Monte Carlo simulations}{section.6.1}% 25
\BOOKMARK [0][-]{chapter.7}{aux: General routines}{part.2}% 26
\BOOKMARK [1][-]{section.7.1}{General routines}{chapter.7}% 27
\BOOKMARK [0][-]{chapter.8}{aux\137xdiag: Diagonalization routines}{part.2}% 28
\BOOKMARK [1][-]{section.8.1}{XDIAG}{chapter.8}% 29
\BOOKMARK [0][-]{chapter.9}{cr\137aux: Cosmic rays \205 general}{part.2}% 30
\BOOKMARK [1][-]{section.9.1}{Cosmic Rays \205 auxiliary routines}{chapter.9}% 31
\BOOKMARK [0][-]{chapter.10}{cr\137axi: Cosmic rays \205 diffusion routines for axisymmetric distributions}{part.2}% 32
\BOOKMARK [1][-]{section.10.1}{Cosmic ray propagation in axially symmetric halos}{chapter.10}% 33
\BOOKMARK [0][-]{chapter.11}{cr\137gamma: Cosmic rays \205 Gamma fluxes}{part.2}% 34
\BOOKMARK [1][-]{section.11.1}{Gamma rays from the halo \205 theory}{chapter.11}% 35
\BOOKMARK [1][-]{section.11.2}{Continuous gamma yields and line signals}{chapter.11}% 36
\BOOKMARK [1][-]{section.11.3}{Fluxes}{chapter.11}% 37
\BOOKMARK [1][-]{section.11.4}{Gamma rays from the halo \205 routines}{chapter.11}% 38
\BOOKMARK [0][-]{chapter.12}{cr\137nu: Cosmic rays \205 Neutrino fluxes}{part.2}% 39
\BOOKMARK [1][-]{section.12.1}{Neutrino fluxes from the halo \205 theory}{chapter.12}% 40
\BOOKMARK [0][-]{chapter.13}{cr\137ps: Cosmic rays \205 point sources}{part.2}% 41
\BOOKMARK [1][-]{section.13.1}{Cosmic Ray propagation for point sources}{chapter.13}% 42
\BOOKMARK [0][-]{chapter.14}{dd: Direct detection}{part.2}% 43
\BOOKMARK [1][-]{section.14.1}{Direct detection \205 theory}{chapter.14}% 44
\BOOKMARK [0][-]{chapter.15}{dmd\137astro: Astrophysical source functions}{part.2}% 45
\BOOKMARK [0][-]{chapter.16}{dmd\137mod: Dark matter distributions}{part.2}% 46
\BOOKMARK [1][-]{section.16.1}{Dark matter distributions \205 theory}{chapter.16}% 47
\BOOKMARK [2][-]{subsection.16.1.1}{Rescaling of the WIMP density}{section.16.1}% 48
\BOOKMARK [1][-]{section.16.2}{Implementation in DarkSUSY}{chapter.16}% 49
\BOOKMARK [2][-]{subsection.16.2.1}{Dark matter distributions \205 routines}{section.16.2}% 50
\BOOKMARK [0][-]{chapter.17}{dmd\137vel: Dark matter velocity distributions}{part.2}% 51
\BOOKMARK [1][-]{section.17.1}{Dark matter phase-space distributions \205 theory}{chapter.17}% 52
\BOOKMARK [0][-]{chapter.18}{ini: Initialization routines}{part.2}% 53
\BOOKMARK [1][-]{section.18.1}{Initialisation routines}{chapter.18}% 54
\BOOKMARK [0][-]{chapter.19}{kd: Kinetic decoupling}{part.2}% 55
\BOOKMARK [1][-]{section.19.1}{Kinetic decoupling and microhalos \(kd\) \205 theory}{chapter.19}% 56
\BOOKMARK [2][-]{subsection.19.1.1}{Kinetic decoupling}{section.19.1}% 57
\BOOKMARK [2][-]{subsection.19.1.2}{The smallest protohalos}{section.19.1}% 58
\BOOKMARK [1][-]{section.19.2}{Kinetic decoupling \205 routines}{chapter.19}% 59
\BOOKMARK [0][-]{chapter.20}{rd: Relic density}{part.2}% 60
\BOOKMARK [1][-]{section.20.1}{Relic density \205 theoretical background}{chapter.20}% 61
\BOOKMARK [2][-]{subsection.20.1.1}{The Boltzmann equation and thermal averaging}{section.20.1}% 62
\BOOKMARK [2][-]{subsection.20.1.2}{Review of the Boltzmann equation with coannihilations}{section.20.1}% 63
\BOOKMARK [2][-]{subsection.20.1.3}{Thermal averaging}{section.20.1}% 64
\BOOKMARK [2][-]{subsection.20.1.4}{Reformulation of the Boltzmann equation}{section.20.1}% 65
\BOOKMARK [1][-]{section.20.2}{Relic density \205 numerical integration of the density equation}{chapter.20}% 66
\BOOKMARK [1][-]{section.20.3}{Relic density \205 routines}{chapter.20}% 67
\BOOKMARK [2][-]{subsection.20.3.1}{Global parameters}{section.20.3}% 68
\BOOKMARK [2][-]{subsection.20.3.2}{Brief description of the internal routines}{section.20.3}% 69
\BOOKMARK [0][-]{chapter.21}{se\137aux: Auxiliary routines for WIMP annihilation in the Sun/Earth}{part.2}% 70
\BOOKMARK [1][-]{section.21.1}{Sun and Earth models \205 auxiliary routines}{chapter.21}% 71
\BOOKMARK [0][-]{chapter.22}{se\137mod: Sun and Earth models}{part.2}% 72
\BOOKMARK [1][-]{section.22.1}{Sun and Earth models \205 theory}{chapter.22}% 73
\BOOKMARK [1][-]{section.22.2}{Sun and Earth models \205 routines}{chapter.22}% 74
\BOOKMARK [0][-]{chapter.23}{se\137nu: Capture and annihilation in the Sun/Earth}{part.2}% 75
\BOOKMARK [1][-]{section.23.1}{Neutrinos from the Sun and Earth \205 theory}{chapter.23}% 76
\BOOKMARK [2][-]{subsection.23.1.1}{Neutrino yield from annihilations}{section.23.1}% 77
\BOOKMARK [2][-]{subsection.23.1.2}{Evolution of the number density in the Earth/Sun}{section.23.1}% 78
\BOOKMARK [2][-]{subsection.23.1.3}{Approximate capture rate expressions}{section.23.1}% 79
\BOOKMARK [2][-]{subsection.23.1.4}{Earth and Sun composition}{section.23.1}% 80
\BOOKMARK [2][-]{subsection.23.1.5}{More accurate capture rate expressions}{section.23.1}% 81
\BOOKMARK [2][-]{subsection.23.1.6}{Accurate capture rates in the Earth for general velocity distributions}{section.23.1}% 82
\BOOKMARK [2][-]{subsection.23.1.7}{Accurate capture rates for the Earth for a Maxwell-Boltzmann velocity distribution}{section.23.1}% 83
\BOOKMARK [2][-]{subsection.23.1.8}{Effects of WIMP diffusion in the solar system}{section.23.1}% 84
\BOOKMARK [1][-]{section.23.2}{Neutrinos from Sun and Earth \205 routines}{chapter.23}% 85
\BOOKMARK [0][-]{chapter.24}{se\137yield: Yields from annihilation in the Sun/Earth}{part.2}% 86
\BOOKMARK [1][-]{section.24.1}{Muon yields from annihilation in the Earth/Sun \205 theory}{chapter.24}% 87
\BOOKMARK [2][-]{subsection.24.1.1}{Monte Carlo simulations with WimpSim}{section.24.1}% 88
\BOOKMARK [0][-]{chapter.25}{si: Self-interactions}{part.2}% 89
\BOOKMARK [1][-]{section.25.1}{Dark matter self-interactions \(si\) \205 theory}{chapter.25}% 90
\BOOKMARK [1][-]{section.25.2}{Self-interactions \205 routines}{chapter.25}% 91
\BOOKMARK [-1][-]{part.3}{III Particle physics modules in src\137models}{}% 92
\BOOKMARK [0][-]{chapter.26}{Basic principles and common routines}{part.3}% 93
\BOOKMARK [1][-]{section.26.1}{common/aux: auxiliary routines}{chapter.26}% 94
\BOOKMARK [1][-]{section.26.2}{common/sm: standard model}{chapter.26}% 95
\BOOKMARK [0][-]{chapter.27}{The empty model}{part.3}% 96
\BOOKMARK [0][-]{chapter.28}{Generic decaying dark matter}{part.3}% 97
\BOOKMARK [0][-]{chapter.29}{Generic WIMPs}{part.3}% 98
\BOOKMARK [0][-]{chapter.30}{The Minimal Supersymmetric Standard Model}{part.3}% 99
\BOOKMARK [1][-]{section.30.1}{mssm/ac: Accelerator constraints}{chapter.30}% 100
\BOOKMARK [2][-]{subsection.30.1.1}{Accelerator bounds}{section.30.1}% 101
\BOOKMARK [1][-]{section.30.2}{mssm/an: \(Co-\)annihilation cross sections}{chapter.30}% 102
\BOOKMARK [2][-]{subsection.30.2.1}{Annihilation cross sections \205 theory }{section.30.2}% 103
\BOOKMARK [3][-]{subsubsection.30.2.1.1}{Annihilation cross sections}{subsection.30.2.1}% 104
\BOOKMARK [3][-]{subsubsection.30.2.1.2}{Coannihilation diagrams}{subsection.30.2.1}% 105
\BOOKMARK [3][-]{subsubsection.30.2.1.3}{Neutralino and chargino annihilation}{subsection.30.2.1}% 106
\BOOKMARK [3][-]{subsubsection.30.2.1.4}{Squark-squark annihilation}{subsection.30.2.1}% 107
\BOOKMARK [3][-]{subsubsection.30.2.1.5}{Squark-neutralino annihilation}{subsection.30.2.1}% 108
\BOOKMARK [3][-]{subsubsection.30.2.1.6}{Squark-chargino annihilation}{subsection.30.2.1}% 109
\BOOKMARK [3][-]{subsubsection.30.2.1.7}{Degrees of freedom}{subsection.30.2.1}% 110
\BOOKMARK [2][-]{subsection.30.2.2}{Annihilation routines - general remarks}{section.30.2}% 111
\BOOKMARK [3][-]{subsubsection.30.2.2.1}{General routines}{subsection.30.2.2}% 112
\BOOKMARK [3][-]{subsubsection.30.2.2.2}{Neutralino and chargino \(co\)annihilation cross sections}{subsection.30.2.2}% 113
\BOOKMARK [1][-]{section.30.3}{mssm/an\1371l: Annihilation cross sections \(1-loop\)}{chapter.30}% 114
\BOOKMARK [2][-]{subsection.30.3.1}{Annihilation cross sections at 1-loop \205 general }{section.30.3}% 115
\BOOKMARK [1][-]{section.30.4}{mssm/an\137ib: Internal bremsstrahlung}{chapter.30}% 116
\BOOKMARK [2][-]{subsection.30.4.1}{Internal Bremsstrahlung \(IB\) \205 theory}{section.30.4}% 117
\BOOKMARK [3][-]{subsubsection.30.4.1.1}{General considerations}{subsection.30.4.1}% 118
\BOOKMARK [3][-]{subsubsection.30.4.1.2}{IB from neutralino annihilations}{subsection.30.4.1}% 119
\BOOKMARK [3][-]{subsubsection.30.4.1.3}{The implementation in DarkSUSY}{subsection.30.4.1}% 120
\BOOKMARK [1][-]{section.30.5}{mssm/an\137sf: Annihilation cross sections \(with sfermions\)}{chapter.30}% 121
\BOOKMARK [2][-]{subsection.30.5.1}{Annihilation cross sections with sfermions \205 general }{section.30.5}% 122
\BOOKMARK [1][-]{section.30.6}{mssm/an\137stu: t, u and s diagrams for ff-annihilation}{chapter.30}% 123
\BOOKMARK [2][-]{subsection.30.6.1}{Annihilation amplitudes for fermion-fermion annihilation}{section.30.6}% 124
\BOOKMARK [1][-]{section.30.7}{mssm/dd: Direct detection}{chapter.30}% 125
\BOOKMARK [2][-]{subsection.30.7.1}{Direct detection \205 theory}{section.30.7}% 126
\BOOKMARK [1][-]{section.30.8}{mssm/ge: General SUSY model setup: masses, vertices etc}{chapter.30}% 127
\BOOKMARK [2][-]{subsection.30.8.1}{Supersymmetric model}{section.30.8}% 128
\BOOKMARK [3][-]{subsubsection.30.8.1.1}{Parameters}{subsection.30.8.1}% 129
\BOOKMARK [3][-]{subsubsection.30.8.1.2}{Mass spectrum}{subsection.30.8.1}% 130
\BOOKMARK [3][-]{subsubsection.30.8.1.3}{Three-particle vertices}{subsection.30.8.1}% 131
\BOOKMARK [2][-]{subsection.30.8.2}{General supersymmetry \205 routines}{section.30.8}% 132
\BOOKMARK [1][-]{section.30.9}{mssm/ge\137cmssm: cMSSM interface \(Isasugra\)}{chapter.30}% 133
\BOOKMARK [2][-]{subsection.30.9.1}{mSUGRA \(ISASUGRA\) interface to DarkSUSY}{section.30.9}% 134
\BOOKMARK [1][-]{section.30.10}{mssm/ge\137slha: SUSY Les Houches Accord interface}{chapter.30}% 135
\BOOKMARK [2][-]{subsection.30.10.1}{SUSY Les Houches Accord}{section.30.10}% 136
\BOOKMARK [1][-]{section.30.11}{mssm/ini: Initialization routines}{chapter.30}% 137
\BOOKMARK [2][-]{subsection.30.11.1}{Initialization routines}{section.30.11}% 138
\BOOKMARK [1][-]{section.30.12}{mssm/rd: Relic density}{chapter.30}% 139
\BOOKMARK [2][-]{subsection.30.12.1}{Relic density of neutralinos}{section.30.12}% 140
\BOOKMARK [2][-]{subsection.30.12.2}{Internal degrees of freedom}{section.30.12}% 141
\BOOKMARK [3][-]{subsubsection.30.12.2.1}{Neutralino-chargino annihilation}{subsection.30.12.2}% 142
\BOOKMARK [3][-]{subsubsection.30.12.2.2}{Chargino-chargino annihilation}{subsection.30.12.2}% 143
\BOOKMARK [3][-]{subsubsection.30.12.2.3}{Neutralino-sfermion annihilation}{subsection.30.12.2}% 144
\BOOKMARK [3][-]{subsubsection.30.12.2.4}{Chargino-sfermion annihilation}{subsection.30.12.2}% 145
\BOOKMARK [3][-]{subsubsection.30.12.2.5}{Sfermion-sfermion annihilation}{subsection.30.12.2}% 146
\BOOKMARK [3][-]{subsubsection.30.12.2.6}{Squark-squark annihilation}{subsection.30.12.2}% 147
\BOOKMARK [3][-]{subsubsection.30.12.2.7}{Sfermion-squark annihilation}{subsection.30.12.2}% 148
\BOOKMARK [3][-]{subsubsection.30.12.2.8}{Summary of degrees of freedom}{subsection.30.12.2}% 149
\BOOKMARK [1][-]{section.30.13}{Relic density \205 more details on routines}{chapter.30}% 150
\BOOKMARK [2][-]{subsection.30.13.1}{Global parameters}{section.30.13}% 151
\BOOKMARK [0][-]{chapter.31}{Silveira-Zee \(Scalar Singlet\)}{part.3}% 152
\BOOKMARK [0][-]{chapter.32}{Self-Interacting Dark Matter}{part.3}% 153
\BOOKMARK [1][-]{section.32.1}{vdSIDM/an: Annihilation routines}{chapter.32}% 154
\BOOKMARK [1][-]{section.32.2}{vdSIDM/cr: Cosmic rays}{chapter.32}% 155
\BOOKMARK [1][-]{section.32.3}{vdSIDM/ini: Model setup}{chapter.32}% 156
\BOOKMARK [1][-]{section.32.4}{vdSIDM/kd: Kinetic decoupling}{chapter.32}% 157
\BOOKMARK [1][-]{section.32.5}{vdSIDM/rd: Relic density}{chapter.32}% 158
\BOOKMARK [1][-]{section.32.6}{vdSIDM/si: Dark matter self-interactions}{chapter.32}% 159
\BOOKMARK [0][-]{section.32.6}{Bibliography}{part.3}% 160
