This file contains any messages produced by compilers while
running configure, to aid debugging if configure makes a mistake.

It was created by configure, which was
generated by GNU Autoconf 2.63.  Invocation command line was

  $ ./configure 

## --------- ##
## Platform. ##
## --------- ##

hostname = Pc
uname -m = x86_64
uname -r = 4.19.128-microsoft-standard
uname -s = Linux
uname -v = #1 SMP Tue Jun 23 12:58:10 UTC 2020

/usr/bin/uname -p = x86_64
/bin/uname -X     = unknown

/bin/arch              = x86_64
/usr/bin/arch -k       = unknown
/usr/convex/getsysinfo = unknown
/usr/bin/hostinfo      = unknown
/bin/machine           = unknown
/usr/bin/oslevel       = unknown
/bin/universe          = unknown

PATH: /home/kriss/.local/bin
PATH: /home/kriss/bin
PATH: /home/kriss/bin
PATH: /usr/local/sbin
PATH: /usr/local/bin
PATH: /usr/sbin
PATH: /usr/bin
PATH: /sbin
PATH: /bin
PATH: /usr/games
PATH: /usr/local/games
PATH: /mnt/c/ProgramData/Oracle/Java/javapath
PATH: /mnt/c/Program Files (x86)/Common Files/Oracle/Java/javapath
PATH: /mnt/c/Program Files/Java/jdk-11.0.2
PATH: /mnt/c/Program Files (x86)/NVIDIA Corporation/PhysX/Common
PATH: /mnt/c/Program Files/NVIDIA Corporation/NVIDIA NvDLISR
PATH: /mnt/c/WINDOWS/system32
PATH: /mnt/c/WINDOWS
PATH: /mnt/c/WINDOWS/System32/Wbem
PATH: /mnt/c/WINDOWS/System32/WindowsPowerShell/v1.0/
PATH: /mnt/c/WINDOWS/System32/OpenSSH/
PATH: /mnt/c/Program Files
PATH: /mnt/c/Winnt
PATH: /mnt/c/Winnt/System32
PATH: /mnt/c/Users/Kristian/AppData/Local/Programs/Microsoft VS Code/bin
PATH: /mnt/e/texlive/2018/bin/win32
PATH: /mnt/c/ProgramData/chocolatey/bin
PATH: /mnt/c/Users/Kristian/scoop/shims
PATH: /mnt/c/mingw-w64/x86_64-8.1.0-win32-seh-rt_v6-rev0/mingw64/bin
PATH: /mnt/e/mingw-w64/x86_64-8.1.0-win32-seh-rt_v6-rev0/mingw64/bin
PATH: /mnt/e/mingw-w641/i686-8.1.0-win32-dwarf-rt_v6-rev0/mingw32/bin
PATH: /mnt/c/Users/Kristian/AppData/Local/Microsoft/WindowsApps
PATH: /mnt/c/Users/Kristian/AppData/Local/atom/bin
PATH: /mnt/c/Users/Kristian/AppData/Local/GitHubDesktop/bin
PATH: /mnt/c/Users/Kristian/AppData/Local/Microsoft/WindowsApps
PATH: /snap/bin


## ----------- ##
## Core tests. ##
## ----------- ##

configure:1884: checking for uname
configure:1900: found /usr/bin/uname
configure:1912: result: 1
configure:1935: checking for cc
configure:1951: found /usr/bin/cc
configure:1962: result: cc
configure:2281: checking for C compiler version
configure:2289: cc --version >&5
cc (Ubuntu 9.3.0-17ubuntu1~20.04) 9.3.0
Copyright (C) 2019 Free Software Foundation, Inc.
This is free software; see the source for copying conditions.  There is NO
warranty; not even for MERCHANTABILITY or FITNESS FOR A PARTICULAR PURPOSE.

configure:2293: $? = 0
configure:2300: cc -v >&5
Using built-in specs.
COLLECT_GCC=cc
COLLECT_LTO_WRAPPER=/usr/lib/gcc/x86_64-linux-gnu/9/lto-wrapper
OFFLOAD_TARGET_NAMES=nvptx-none:hsa
OFFLOAD_TARGET_DEFAULT=1
Target: x86_64-linux-gnu
Configured with: ../src/configure -v --with-pkgversion='Ubuntu 9.3.0-17ubuntu1~20.04' --with-bugurl=file:///usr/share/doc/gcc-9/README.Bugs --enable-languages=c,ada,c++,go,brig,d,fortran,objc,obj-c++,gm2 --prefix=/usr --with-gcc-major-version-only --program-suffix=-9 --program-prefix=x86_64-linux-gnu- --enable-shared --enable-linker-build-id --libexecdir=/usr/lib --without-included-gettext --enable-threads=posix --libdir=/usr/lib --enable-nls --enable-clocale=gnu --enable-libstdcxx-debug --enable-libstdcxx-time=yes --with-default-libstdcxx-abi=new --enable-gnu-unique-object --disable-vtable-verify --enable-plugin --enable-default-pie --with-system-zlib --with-target-system-zlib=auto --enable-objc-gc=auto --enable-multiarch --disable-werror --with-arch-32=i686 --with-abi=m64 --with-multilib-list=m32,m64,mx32 --enable-multilib --with-tune=generic --enable-offload-targets=nvptx-none=/build/gcc-9-HskZEa/gcc-9-9.3.0/debian/tmp-nvptx/usr,hsa --without-cuda-driver --enable-checking=release --build=x86_64-linux-gnu --host=x86_64-linux-gnu --target=x86_64-linux-gnu
Thread model: posix
gcc version 9.3.0 (Ubuntu 9.3.0-17ubuntu1~20.04) 
configure:2304: $? = 0
configure:2311: cc -V >&5
cc: error: unrecognized command line option '-V'
cc: fatal error: no input files
compilation terminated.
configure:2315: $? = 1
configure:2338: checking for C compiler default output file name
configure:2360: cc    conftest.c  >&5
configure:2364: $? = 0
configure:2402: result: a.out
configure:2421: checking whether the C compiler works
configure:2431: ./a.out
configure:2435: $? = 0
configure:2454: result: yes
configure:2461: checking whether we are cross compiling
configure:2463: result: no
configure:2466: checking for suffix of executables
configure:2473: cc -o conftest    conftest.c  >&5
configure:2477: $? = 0
configure:2503: result: 
configure:2509: checking for suffix of object files
configure:2535: cc -c   conftest.c >&5
configure:2539: $? = 0
configure:2564: result: o
configure:2568: checking whether we are using the GNU C compiler
configure:2597: cc -c   conftest.c >&5
configure:2604: $? = 0
configure:2621: result: yes
configure:2630: checking whether cc accepts -g
configure:2660: cc -c -g  conftest.c >&5
configure:2667: $? = 0
configure:2768: result: yes
configure:2785: checking for cc option to accept ISO C89
configure:2859: cc  -c -g -O2  conftest.c >&5
configure:2866: $? = 0
configure:2889: result: none needed
configure:2920: checking for gfortran
configure:2936: found /usr/bin/gfortran
configure:2947: result: gfortran
configure:3031: checking for ranlib
configure:3047: found /usr/bin/ranlib
configure:3058: result: ranlib
configure:3087: checking how to run the C preprocessor
configure:3127: cc -E  conftest.c
configure:3134: $? = 0
configure:3165: cc -E  conftest.c
conftest.c:8:10: fatal error: ac_nonexistent.h: No such file or directory
    8 | #include <ac_nonexistent.h>
      |          ^~~~~~~~~~~~~~~~~~
compilation terminated.
configure:3172: $? = 1
configure: failed program was:
| /* confdefs.h.  */
| #define PACKAGE_NAME ""
| #define PACKAGE_TARNAME ""
| #define PACKAGE_VERSION ""
| #define PACKAGE_STRING ""
| #define PACKAGE_BUGREPORT ""
| /* end confdefs.h.  */
| #include <ac_nonexistent.h>
configure:3205: result: cc -E
configure:3234: cc -E  conftest.c
configure:3241: $? = 0
configure:3272: cc -E  conftest.c
conftest.c:8:10: fatal error: ac_nonexistent.h: No such file or directory
    8 | #include <ac_nonexistent.h>
      |          ^~~~~~~~~~~~~~~~~~
compilation terminated.
configure:3279: $? = 1
configure: failed program was:
| /* confdefs.h.  */
| #define PACKAGE_NAME ""
| #define PACKAGE_TARNAME ""
| #define PACKAGE_VERSION ""
| #define PACKAGE_STRING ""
| #define PACKAGE_BUGREPORT ""
| /* end confdefs.h.  */
| #include <ac_nonexistent.h>
configure:3319: checking for grep that handles long lines and -e
configure:3379: result: /usr/bin/grep
configure:3384: checking for egrep
configure:3448: result: /usr/bin/grep -E
configure:3453: checking for ANSI C header files
configure:3483: cc -c -g -O2  conftest.c >&5
configure:3490: $? = 0
configure:3589: cc -o conftest -g -O2   conftest.c  >&5
configure:3593: $? = 0
configure:3599: ./conftest
configure:3603: $? = 0
configure:3621: result: yes
configure:3645: checking for sys/types.h
configure:3666: cc -c -g -O2  conftest.c >&5
configure:3673: $? = 0
configure:3690: result: yes
configure:3645: checking for sys/stat.h
configure:3666: cc -c -g -O2  conftest.c >&5
configure:3673: $? = 0
configure:3690: result: yes
configure:3645: checking for stdlib.h
configure:3666: cc -c -g -O2  conftest.c >&5
configure:3673: $? = 0
configure:3690: result: yes
configure:3645: checking for string.h
configure:3666: cc -c -g -O2  conftest.c >&5
configure:3673: $? = 0
configure:3690: result: yes
configure:3645: checking for memory.h
configure:3666: cc -c -g -O2  conftest.c >&5
configure:3673: $? = 0
configure:3690: result: yes
configure:3645: checking for strings.h
configure:3666: cc -c -g -O2  conftest.c >&5
configure:3673: $? = 0
configure:3690: result: yes
configure:3645: checking for inttypes.h
configure:3666: cc -c -g -O2  conftest.c >&5
configure:3673: $? = 0
configure:3690: result: yes
configure:3645: checking for stdint.h
configure:3666: cc -c -g -O2  conftest.c >&5
configure:3673: $? = 0
configure:3690: result: yes
configure:3645: checking for unistd.h
configure:3666: cc -c -g -O2  conftest.c >&5
configure:3673: $? = 0
configure:3690: result: yes
configure:3712: checking for stdlib.h
configure:3719: result: yes
configure:3712: checking for string.h
configure:3719: result: yes
configure:3723: checking math.h usability
configure:3740: cc -c -g -O2  conftest.c >&5
configure:3747: $? = 0
configure:3761: result: yes
configure:3765: checking math.h presence
configure:3780: cc -E  conftest.c
configure:3787: $? = 0
configure:3801: result: yes
configure:3829: checking for math.h
configure:3838: result: yes
configure:3723: checking limits.h usability
configure:3740: cc -c -g -O2  conftest.c >&5
configure:3747: $? = 0
configure:3761: result: yes
configure:3765: checking limits.h presence
configure:3780: cc -E  conftest.c
configure:3787: $? = 0
configure:3801: result: yes
configure:3829: checking for limits.h
configure:3838: result: yes
configure:3876: cc -c -g -O2  conftest.c >&5
configure:3883: $? = 0
configure:4096: checking "whether ftruncate works"
configure:4122: cc -o conftest -g -O2 -Dg77Fortran -fPIC   conftest.c  >&5
conftest.c: In function 'main':
conftest.c:30:1: warning: ignoring return value of 'ftruncate', declared with attribute warn_unused_result [-Wunused-result]
   30 | ftruncate(0, 0);
      | ^~~~~~~~~~~~~~~
configure:4129: $? = 0
configure:4142: result: "yes"
configure:4161: checking "whether long long is defined"
configure:4187: cc -c -g -O2 -Dg77Fortran -fPIC  conftest.c >&5
configure:4194: $? = 0
configure:4204: result: "yes"
configure:4229: checking "whether system V style IPC services are supported"
configure:4260: cc -o conftest -g -O2 -Dg77Fortran -fPIC   conftest.c  >&5
configure:4267: $? = 0
configure:4281: result: "yes"
configure:4302: checking "do we have flock_t defined in sys/fcntl.h"
configure:4328: cc -c -g -O2 -Dg77Fortran -fPIC  conftest.c >&5
conftest.c: In function 'main':
conftest.c:33:1: error: unknown type name 'flock_t'; did you mean 'float'?
   33 | flock_t filler;
      | ^~~~~~~
      | float
configure:4335: $? = 1
configure: failed program was:
| /* confdefs.h.  */
| #define PACKAGE_NAME ""
| #define PACKAGE_TARNAME ""
| #define PACKAGE_VERSION ""
| #define PACKAGE_STRING ""
| #define PACKAGE_BUGREPORT ""
| #define STDC_HEADERS 1
| #define HAVE_SYS_TYPES_H 1
| #define HAVE_SYS_STAT_H 1
| #define HAVE_STDLIB_H 1
| #define HAVE_STRING_H 1
| #define HAVE_MEMORY_H 1
| #define HAVE_STRINGS_H 1
| #define HAVE_INTTYPES_H 1
| #define HAVE_STDINT_H 1
| #define HAVE_UNISTD_H 1
| #define HAVE_STDLIB_H 1
| #define HAVE_STRING_H 1
| #define HAVE_MATH_H 1
| #define HAVE_LIMITS_H 1
| #define _LARGEFILE_SOURCE 1
| #define _FILE_OFFSET_BITS 64
| #define HAVE_FTRUNCATE 1
| #define HAVE_LONGLONG 1
| #define HAVE_SHMEM_SERVICES 1
| /* end confdefs.h.  */
| #include <sys/fcntl.h>
| 
| int
| main ()
| {
| 
| flock_t filler;
| 
|   ;
|   return 0;
| }
configure:4352: result: "no"
configure:4359: checking "do we have flock_t defined in sys/flock.h"
configure:4385: cc -c -g -O2 -Dg77Fortran -fPIC  conftest.c >&5
conftest.c:27:10: fatal error: sys/flock.h: No such file or directory
   27 | #include <sys/flock.h>
      |          ^~~~~~~~~~~~~
compilation terminated.
configure:4392: $? = 1
configure: failed program was:
| /* confdefs.h.  */
| #define PACKAGE_NAME ""
| #define PACKAGE_TARNAME ""
| #define PACKAGE_VERSION ""
| #define PACKAGE_STRING ""
| #define PACKAGE_BUGREPORT ""
| #define STDC_HEADERS 1
| #define HAVE_SYS_TYPES_H 1
| #define HAVE_SYS_STAT_H 1
| #define HAVE_STDLIB_H 1
| #define HAVE_STRING_H 1
| #define HAVE_MEMORY_H 1
| #define HAVE_STRINGS_H 1
| #define HAVE_INTTYPES_H 1
| #define HAVE_STDINT_H 1
| #define HAVE_UNISTD_H 1
| #define HAVE_STDLIB_H 1
| #define HAVE_STRING_H 1
| #define HAVE_MATH_H 1
| #define HAVE_LIMITS_H 1
| #define _LARGEFILE_SOURCE 1
| #define _FILE_OFFSET_BITS 64
| #define HAVE_FTRUNCATE 1
| #define HAVE_LONGLONG 1
| #define HAVE_SHMEM_SERVICES 1
| /* end confdefs.h.  */
| #include <sys/flock.h>
| 
| int
| main ()
| {
| 
|    flock_t filler;
| 
|   ;
|   return 0;
| }
configure:4409: result: "no"
configure:4421: checking "do we have union semun defined"
configure:4449: cc -c -g -O2 -Dg77Fortran -fPIC  conftest.c >&5
conftest.c: In function 'main':
conftest.c:35:13: error: storage size of 'filler' isn't known
   35 | union semun filler;
      |             ^~~~~~
configure:4456: $? = 1
configure: failed program was:
| /* confdefs.h.  */
| #define PACKAGE_NAME ""
| #define PACKAGE_TARNAME ""
| #define PACKAGE_VERSION ""
| #define PACKAGE_STRING ""
| #define PACKAGE_BUGREPORT ""
| #define STDC_HEADERS 1
| #define HAVE_SYS_TYPES_H 1
| #define HAVE_SYS_STAT_H 1
| #define HAVE_STDLIB_H 1
| #define HAVE_STRING_H 1
| #define HAVE_MEMORY_H 1
| #define HAVE_STRINGS_H 1
| #define HAVE_INTTYPES_H 1
| #define HAVE_STDINT_H 1
| #define HAVE_UNISTD_H 1
| #define HAVE_STDLIB_H 1
| #define HAVE_STRING_H 1
| #define HAVE_MATH_H 1
| #define HAVE_LIMITS_H 1
| #define _LARGEFILE_SOURCE 1
| #define _FILE_OFFSET_BITS 64
| #define HAVE_FTRUNCATE 1
| #define HAVE_LONGLONG 1
| #define HAVE_SHMEM_SERVICES 1
| /* end confdefs.h.  */
| #include <sys/ipc.h>
| #include <sys/shm.h>
| #include <sys/sem.h>
| 
| int
| main ()
| {
| 
| union semun filler;
| 
|   ;
|   return 0;
| }
configure:4473: result: "no"
configure:4482: checking for library containing gethostbyname
configure:4523: cc -o conftest -g -O2 -Dg77Fortran -fPIC   conftest.c  >&5
configure:4530: $? = 0
configure:4561: result: none required
configure:4571: checking for library containing connect
configure:4612: cc -o conftest -g -O2 -Dg77Fortran -fPIC   conftest.c  >&5
configure:4619: $? = 0
configure:4650: result: none required
configure:4811: creating ./config.status

## ---------------------- ##
## Running config.status. ##
## ---------------------- ##

This file was extended by config.status, which was
generated by GNU Autoconf 2.63.  Invocation command line was

  CONFIG_FILES    = 
  CONFIG_HEADERS  = 
  CONFIG_LINKS    = 
  CONFIG_COMMANDS = 
  $ ./config.status 

on Pc

config.status:5535: creating Makefile
configure:5923: creating ./config.status

## ---------------------- ##
## Running config.status. ##
## ---------------------- ##

This file was extended by config.status, which was
generated by GNU Autoconf 2.63.  Invocation command line was

  CONFIG_FILES    = 
  CONFIG_HEADERS  = 
  CONFIG_LINKS    = 
  CONFIG_COMMANDS = 
  $ ./config.status 

on Pc

config.status:6648: creating Makefile
config.status:6648: creating cfitsio.pc
configure:6898: result: 
configure:6900: result:     Congratulations, Makefile update was successful.
configure:6902: result:     You may want to run "make" now.
configure:6904: result: 

## ---------------- ##
## Cache variables. ##
## ---------------- ##

ac_cv_c_compiler_gnu='yes'
ac_cv_env_CC_set=''
ac_cv_env_CC_value=''
ac_cv_env_CFLAGS_set=''
ac_cv_env_CFLAGS_value=''
ac_cv_env_CPPFLAGS_set=''
ac_cv_env_CPPFLAGS_value=''
ac_cv_env_CPP_set=''
ac_cv_env_CPP_value=''
ac_cv_env_LDFLAGS_set=''
ac_cv_env_LDFLAGS_value=''
ac_cv_env_LIBS_set=''
ac_cv_env_LIBS_value=''
ac_cv_env_build_alias_set=''
ac_cv_env_build_alias_value=''
ac_cv_env_host_alias_set=''
ac_cv_env_host_alias_value=''
ac_cv_env_target_alias_set=''
ac_cv_env_target_alias_value=''
ac_cv_header_inttypes_h='yes'
ac_cv_header_limits_h='yes'
ac_cv_header_math_h='yes'
ac_cv_header_memory_h='yes'
ac_cv_header_stdc='yes'
ac_cv_header_stdint_h='yes'
ac_cv_header_stdlib_h='yes'
ac_cv_header_string_h='yes'
ac_cv_header_strings_h='yes'
ac_cv_header_sys_stat_h='yes'
ac_cv_header_sys_types_h='yes'
ac_cv_header_unistd_h='yes'
ac_cv_objext='o'
ac_cv_path_EGREP='/usr/bin/grep -E'
ac_cv_path_GREP='/usr/bin/grep'
ac_cv_prog_CC='cc'
ac_cv_prog_CPP='cc -E'
ac_cv_prog_FC='gfortran'
ac_cv_prog_ac_ct_RANLIB='ranlib'
ac_cv_prog_cc_c89=''
ac_cv_prog_cc_g='yes'
ac_cv_prog_uname_found='1'
ac_cv_search_connect='none required'
ac_cv_search_gethostbyname='none required'

## ----------------- ##
## Output variables. ##
## ----------------- ##

ARCH='linux'
CC='cc'
CFLAGS='-g -O2 -Dg77Fortran -fPIC'
CPP='cc -E'
CPPFLAGS=''
DEFS='-DPACKAGE_NAME=\"\" -DPACKAGE_TARNAME=\"\" -DPACKAGE_VERSION=\"\" -DPACKAGE_STRING=\"\" -DPACKAGE_BUGREPORT=\"\" -DSTDC_HEADERS=1 -DHAVE_SYS_TYPES_H=1 -DHAVE_SYS_STAT_H=1 -DHAVE_STDLIB_H=1 -DHAVE_STRING_H=1 -DHAVE_MEMORY_H=1 -DHAVE_STRINGS_H=1 -DHAVE_INTTYPES_H=1 -DHAVE_STDINT_H=1 -DHAVE_UNISTD_H=1 -DHAVE_STDLIB_H=1 -DHAVE_STRING_H=1 -DHAVE_MATH_H=1 -DHAVE_LIMITS_H=1 -D_LARGEFILE_SOURCE=1 -D_FILE_OFFSET_BITS=64 -DHAVE_FTRUNCATE=1 -DHAVE_LONGLONG=1 -DHAVE_SHMEM_SERVICES=1 -DHAVE_NET_SERVICES=1'
ECHO_C=''
ECHO_N='-n'
ECHO_T=''
EGREP='/usr/bin/grep -E'
EXEEXT=''
F77_WRAPPERS='${FITSIO_SRC}'
FC='gfortran'
GCCVERSION='9'
GREP='/usr/bin/grep'
INSTALL_ROOT='${prefix}'
LDFLAGS=''
LIBOBJS=''
LIBPRE=''
LIBS=''
LTLIBOBJS=''
OBJEXT='o'
PACKAGE_BUGREPORT=''
PACKAGE_NAME=''
PACKAGE_STRING=''
PACKAGE_TARNAME=''
PACKAGE_VERSION=''
PATH_SEPARATOR=':'
RANLIB='ranlib'
SHELL='/bin/bash'
SHLIB_LD='cc -shared'
SHLIB_SUFFIX='.so'
ac_ct_CC=''
bindir='${exec_prefix}/bin'
build_alias=''
datadir='${datarootdir}'
datarootdir='${prefix}/share'
docdir='${datarootdir}/doc/${PACKAGE}'
dvidir='${docdir}'
exec_prefix='${prefix}'
host_alias=''
htmldir='${docdir}'
includedir='${prefix}/include'
infodir='${datarootdir}/info'
libdir='${exec_prefix}/lib'
libexecdir='${exec_prefix}/libexec'
localedir='${datarootdir}/locale'
localstatedir='${prefix}/var'
mandir='${datarootdir}/man'
my_shmem='${SOURCES_SHMEM}'
oldincludedir='/usr/include'
pdfdir='${docdir}'
prefix='/home/kriss/DS/darksusy-6.2.2/contrib/cfitsio'
program_transform_name='s,x,x,'
psdir='${docdir}'
sbindir='${exec_prefix}/sbin'
sharedstatedir='${prefix}/com'
sysconfdir='${prefix}/etc'
target_alias=''
uname_found='1'

## ----------- ##
## confdefs.h. ##
## ----------- ##

#define PACKAGE_NAME ""
#define PACKAGE_TARNAME ""
#define PACKAGE_VERSION ""
#define PACKAGE_STRING ""
#define PACKAGE_BUGREPORT ""
#define STDC_HEADERS 1
#define HAVE_SYS_TYPES_H 1
#define HAVE_SYS_STAT_H 1
#define HAVE_STDLIB_H 1
#define HAVE_STRING_H 1
#define HAVE_MEMORY_H 1
#define HAVE_STRINGS_H 1
#define HAVE_INTTYPES_H 1
#define HAVE_STDINT_H 1
#define HAVE_UNISTD_H 1
#define HAVE_STDLIB_H 1
#define HAVE_STRING_H 1
#define HAVE_MATH_H 1
#define HAVE_LIMITS_H 1
#define _LARGEFILE_SOURCE 1
#define _FILE_OFFSET_BITS 64
#define HAVE_FTRUNCATE 1
#define HAVE_LONGLONG 1
#define HAVE_SHMEM_SERVICES 1
#define HAVE_NET_SERVICES 1

configure: exit 0
